<?xml version="1.0" encoding="UTF-8"?>
<testsuite xmlns:xsi="http://www.w3.org/2001/XMLSchema-instance" xsi:noNamespaceSchemaLocation="https://maven.apache.org/surefire/maven-surefire-plugin/xsd/surefire-test-report.xsd" name="matsu.AppTest" time="0.002" tests="0" errors="0" skipped="0" failures="0">
  <properties>
    <property name="java.specification.version" value="17"/>
    <property name="sun.jnu.encoding" value="UTF-8"/>
    <property name="java.class.path" value="/home/matsu/Projects/advent-of-code-2021/in-case-i-want-to-do-java/aoc/target/test-classes:/home/matsu/Projects/advent-of-code-2021/in-case-i-want-to-do-java/aoc/target/classes:"/>
    <property name="java.vm.vendor" value="Oracle Corporation"/>
    <property name="sun.arch.data.model" value="64"/>
    <property name="java.vendor.url" value="https://java.oracle.com/"/>
    <property name="os.name" value="Linux"/>
    <property name="java.vm.specification.version" value="17"/>
    <property name="sun.java.launcher" value="SUN_STANDARD"/>
    <property name="user.country" value="US"/>
    <property name="sun.boot.library.path" value="/home/matsu/Tools/jdk-17.0.1/lib"/>
    <property name="sun.java.command" value="/home/matsu/Projects/advent-of-code-2021/in-case-i-want-to-do-java/aoc/target/surefire/surefirebooter14533702021141307469.jar /home/matsu/Projects/advent-of-code-2021/in-case-i-want-to-do-java/aoc/target/surefire 2021-11-29T19-57-23_576-jvmRun1 surefire16170530132435580718tmp surefire_04491898351772718238tmp"/>
    <property name="jdk.debug" value="release"/>
    <property name="surefire.test.class.path" value="/home/matsu/Projects/advent-of-code-2021/in-case-i-want-to-do-java/aoc/target/test-classes:/home/matsu/Projects/advent-of-code-2021/in-case-i-want-to-do-java/aoc/target/classes:"/>
    <property name="sun.cpu.endian" value="little"/>
    <property name="user.home" value="/home/matsu"/>
    <property name="user.language" value="en"/>
    <property name="java.specification.vendor" value="Oracle Corporation"/>
    <property name="java.version.date" value="2021-10-19"/>
    <property name="java.home" value="/home/matsu/Tools/jdk-17.0.1"/>
    <property name="file.separator" value="/"/>
    <property name="basedir" value="/home/matsu/Projects/advent-of-code-2021/in-case-i-want-to-do-java/aoc"/>
    <property name="java.vm.compressedOopsMode" value="Zero based"/>
    <property name="line.separator" value="&#10;"/>
    <property name="java.vm.specification.vendor" value="Oracle Corporation"/>
    <property name="java.specification.name" value="Java Platform API Specification"/>
    <property name="surefire.real.class.path" value="/home/matsu/Projects/advent-of-code-2021/in-case-i-want-to-do-java/aoc/target/surefire/surefirebooter14533702021141307469.jar"/>
    <property name="sun.management.compiler" value="HotSpot 64-Bit Tiered Compilers"/>
    <property name="java.runtime.version" value="17.0.1+12-LTS-39"/>
    <property name="user.name" value="matsu"/>
    <property name="path.separator" value=":"/>
    <property name="os.version" value="5.10.70-1-MANJARO"/>
    <property name="java.runtime.name" value="Java(TM) SE Runtime Environment"/>
    <property name="file.encoding" value="UTF-8"/>
    <property name="java.vm.name" value="Java HotSpot(TM) 64-Bit Server VM"/>
    <property name="localRepository" value="/home/matsu/.m2/repository"/>
    <property name="java.vendor.url.bug" value="https://bugreport.java.com/bugreport/"/>
    <property name="java.io.tmpdir" value="/tmp"/>
    <property name="java.version" value="17.0.1"/>
    <property name="user.dir" value="/home/matsu/Projects/advent-of-code-2021/in-case-i-want-to-do-java/aoc"/>
    <property name="os.arch" value="amd64"/>
    <property name="java.vm.specification.name" value="Java Virtual Machine Specification"/>
    <property name="native.encoding" value="UTF-8"/>
    <property name="java.library.path" value="/usr/java/packages/lib:/usr/lib64:/lib64:/lib:/usr/lib"/>
    <property name="java.vm.info" value="mixed mode, sharing"/>
    <property name="java.vendor" value="Oracle Corporation"/>
    <property name="java.vm.version" value="17.0.1+12-LTS-39"/>
    <property name="sun.io.unicode.encoding" value="UnicodeLittle"/>
    <property name="java.class.version" value="61.0"/>
  </properties>
</testsuite>